<?xml version="1.0" encoding="UTF-8"?>
<testng-results ignored="0" total="1" passed="1" failed="0" skipped="0">
  <reporter-output>
  </reporter-output>
  <suite started-at="2024-02-09T12:01:28 IST" name="Default suite" finished-at="2024-02-09T12:01:28 IST" duration-ms="53">
    <groups>
    </groups>
    <test started-at="2024-02-09T12:01:28 IST" name="Default test" finished-at="2024-02-09T12:01:28 IST" duration-ms="53">
      <class name="com.newage.vaadinDemo.UserInterface">
        <test-method signature="f()[pri:0, instance:com.newage.vaadinDemo.UserInterface@54e1c68b]" started-at="2024-02-09T12:01:28 IST" name="f" finished-at="2024-02-09T12:01:28 IST" duration-ms="8" status="PASS">
          <reporter-output>
          </reporter-output>
        </test-method> <!-- f -->
      </class> <!-- com.newage.vaadinDemo.UserInterface -->
    </test> <!-- Default test -->
  </suite> <!-- Default suite -->
</testng-results>
